SF:lib\data_source\remote_data_source\blog_data_source.dart
DA:10,1
DA:12,2
DA:15,2
DA:16,3
DA:17,3
DA:18,2
DA:19,1
DA:22,4
DA:25,0
DA:28,0
DA:29,0
DA:33,0
DA:35,0
DA:36,0
DA:38,0
DA:39,0
DA:40,0
DA:41,0
DA:42,0
DA:43,0
DA:49,0
DA:50,0
LF:22
LH:8
end_of_record
SF:lib\data_source\remote_data_source\user_data_source.dart
DA:12,1
DA:14,1
DA:15,1
DA:16,1
DA:17,1
DA:20,2
DA:22,2
DA:23,2
DA:25,0
DA:35,1
DA:37,2
DA:39,1
DA:44,2
DA:45,2
DA:46,2
LF:15
LH:14
end_of_record
SF:lib\model\blog.dart
DA:26,1
DA:28,2
DA:30,0
LF:3
LH:2
end_of_record
SF:lib\model\blog.g.dart
DA:9,2
DA:10,1
DA:11,1
DA:12,1
DA:13,1
DA:16,0
DA:17,0
DA:18,0
DA:19,0
DA:20,0
LF:10
LH:5
end_of_record
SF:lib\model\user.dart
DA:23,1
DA:31,0
DA:33,2
LF:3
LH:2
end_of_record
SF:lib\model\user.g.dart
DA:9,0
DA:10,0
DA:11,0
DA:12,0
DA:13,0
DA:14,0
DA:17,2
DA:18,1
DA:19,1
DA:20,1
DA:21,1
DA:22,1
LF:12
LH:6
end_of_record
SF:lib\data_source\remote_data_source\response\blog_response.dart
DA:11,0
DA:13,0
DA:14,0
DA:16,0
LF:4
LH:0
end_of_record
SF:lib\data_source\remote_data_source\response\blog_response.g.dart
DA:9,0
DA:10,0
DA:11,0
DA:12,0
DA:13,0
DA:14,0
DA:17,0
DA:18,0
DA:19,0
DA:20,0
DA:21,0
LF:11
LH:0
end_of_record
SF:lib\helper\http_service.dart
DA:6,3
DA:7,2
DA:8,1
DA:20,1
DA:21,2
DA:22,1
DA:24,1
DA:25,1
DA:26,1
DA:29,4
DA:31,1
LF:11
LH:11
end_of_record
SF:lib\data_source\remote_data_source\response\login_response.dart
DA:7,0
DA:9,1
DA:10,2
DA:11,2
DA:12,2
DA:15,0
DA:16,0
DA:17,0
DA:18,0
DA:19,0
LF:10
LH:4
end_of_record
