SF:lib\data_source\remote_data_source\blog_data_source.dart
DA:16,1
DA:18,2
DA:23,2
DA:25,2
DA:30,4
DA:33,0
DA:36,0
DA:37,0
DA:41,1
DA:43,2
DA:48,2
DA:50,2
DA:54,3
DA:55,5
DA:56,1
DA:59,0
DA:62,0
DA:63,0
DA:67,1
DA:69,2
DA:70,1
DA:75,0
DA:76,0
DA:77,0
DA:85,2
DA:86,1
DA:90,1
DA:94,2
DA:95,1
DA:96,1
DA:97,3
DA:98,3
DA:102,2
DA:104,1
DA:105,1
DA:108,4
DA:110,2
DA:117,2
DA:123,0
DA:124,0
DA:129,1
DA:136,5
DA:139,2
DA:140,1
DA:141,1
DA:142,3
DA:143,3
DA:147,2
DA:148,1
DA:149,1
DA:152,3
DA:156,3
DA:157,4
DA:159,2
DA:160,2
DA:168,2
DA:174,0
DA:178,0
DA:179,0
DA:183,1
DA:185,2
DA:187,4
DA:188,2
DA:189,2
DA:195,2
DA:201,0
DA:202,0
LF:67
LH:51
end_of_record
SF:lib\data_source\remote_data_source\comment_data_source.dart
DA:9,1
DA:11,2
DA:14,2
DA:15,4
DA:17,2
DA:18,1
DA:19,1
DA:21,2
DA:27,0
DA:28,0
DA:32,0
DA:34,0
DA:35,0
DA:36,0
DA:38,0
DA:39,0
DA:41,0
DA:42,0
DA:45,0
DA:48,0
DA:49,0
LF:21
LH:8
end_of_record
SF:lib\data_source\remote_data_source\user_data_source.dart
DA:13,1
DA:15,1
DA:16,1
DA:17,1
DA:18,1
DA:21,2
DA:23,2
DA:24,2
DA:26,0
DA:36,1
DA:38,1
DA:39,1
DA:40,1
DA:41,1
DA:43,4
DA:44,2
DA:45,2
DA:46,1
DA:47,2
DA:50,2
DA:60,1
DA:62,2
DA:64,1
DA:70,2
DA:71,2
DA:72,2
DA:73,1
DA:83,1
DA:85,4
DA:87,3
DA:88,2
DA:90,2
DA:91,1
DA:94,0
DA:97,0
DA:98,0
LF:36
LH:32
end_of_record
SF:lib\helper\http_service.dart
DA:6,3
DA:7,2
DA:8,1
DA:21,1
DA:22,2
DA:23,1
DA:25,1
DA:26,1
DA:27,1
DA:30,4
DA:32,1
LF:11
LH:11
end_of_record
SF:lib\model\blog.dart
DA:37,1
DA:47,2
DA:49,0
LF:3
LH:2
end_of_record
SF:lib\model\blog.g.dart
DA:9,2
DA:10,1
DA:11,1
DA:12,1
DA:13,1
DA:14,1
DA:15,1
DA:17,2
DA:18,1
DA:19,3
DA:20,1
DA:21,1
DA:24,0
DA:25,0
DA:26,0
DA:27,0
DA:28,0
DA:29,0
DA:30,0
DA:31,0
DA:32,0
LF:21
LH:12
end_of_record
SF:lib\model\user.dart
DA:27,1
DA:35,2
DA:37,2
LF:3
LH:3
end_of_record
SF:lib\model\user.g.dart
DA:9,2
DA:10,1
DA:11,1
DA:12,1
DA:13,1
DA:14,1
DA:16,2
DA:17,0
DA:18,0
DA:19,2
DA:20,0
DA:21,0
DA:23,2
DA:24,1
DA:25,1
DA:26,1
DA:27,1
DA:28,1
DA:29,1
DA:30,1
LF:20
LH:16
end_of_record
SF:lib\data_source\remote_data_source\response\blog_response.dart
DA:11,0
DA:13,0
DA:14,0
DA:16,0
LF:4
LH:0
end_of_record
SF:lib\data_source\remote_data_source\response\blog_response.g.dart
DA:9,0
DA:10,0
DA:11,0
DA:12,0
DA:13,0
DA:14,0
DA:17,0
DA:18,0
DA:19,0
DA:20,0
DA:21,0
LF:11
LH:0
end_of_record
SF:lib\model\comment.dart
DA:27,1
DA:30,1
DA:31,1
DA:33,0
LF:4
LH:3
end_of_record
SF:lib\model\comment.g.dart
DA:9,2
DA:10,1
DA:11,1
DA:12,1
DA:13,1
DA:14,1
DA:17,0
DA:18,0
DA:19,0
DA:20,0
DA:21,0
DA:22,0
LF:12
LH:6
end_of_record
SF:lib\data_source\remote_data_source\response\login_response.dart
DA:7,0
DA:9,1
DA:10,2
DA:11,2
DA:12,2
DA:13,2
DA:16,0
DA:17,0
DA:18,0
DA:19,0
DA:20,0
DA:21,0
LF:12
LH:5
end_of_record
SF:lib\data_source\remote_data_source\response\user_response.dart
DA:12,0
DA:14,0
DA:15,0
DA:17,0
LF:4
LH:0
end_of_record
SF:lib\data_source\remote_data_source\response\user_response.g.dart
DA:9,0
DA:10,0
DA:11,0
DA:12,0
DA:13,0
DA:14,0
DA:17,0
DA:18,0
DA:19,0
DA:20,0
DA:21,0
LF:11
LH:0
end_of_record
